Using pre-set license
Built from '2020.3/staging' branch; Version is '2020.3.4f1 (0abb6314276a) revision 703331'; Using compiler version '192528614'; Build Type 'Release'
OS: 'Windows 10 Pro; OS build 19041.928; Version 2004; 64bit' Language: 'zh' Physical Memory: 16310 MB
BatchMode: 1, IsHumanControllingUs: 0, StartBugReporterOnCrash: 0, Is64bit: 1, IsPro: 0

 COMMAND LINE ARGUMENTS:
E:\Unity Engine\Unity2020.3.4f1 LTS\2020.3.4f1\Editor\Unity.exe
-adb2
-batchMode
-noUpm
-name
AssetImportWorker0
-projectPath
F:/The World We Live in Prioject GitHub/Source/The World We Live in Project
-logFile
Logs/AssetImportWorker0.log
-srvPort
9326
Successfully changed project path to: F:/The World We Live in Prioject GitHub/Source/The World We Live in Project
F:/The World We Live in Prioject GitHub/Source/The World We Live in Project
Using Asset Import Pipeline V2.
Refreshing native plugins compatible for Editor in 35.35 ms, found 0 plugins.
Preloading 0 native plugins for Editor in 0.00 ms.
Initialize engine version: 2020.3.4f1 (0abb6314276a)
[Subsystems] Discovering subsystems at path E:/Unity Engine/Unity2020.3.4f1 LTS/2020.3.4f1/Editor/Data/Resources/UnitySubsystems
[Subsystems] Discovering subsystems at path F:/The World We Live in Prioject GitHub/Source/The World We Live in Project/Assets
GfxDevice: creating device client; threaded=0
Direct3D:
    Version:  Direct3D 11.0 [level 11.1]
    Renderer: NVIDIA GeForce GTX 1070 (ID=0x1b81)
    Vendor:   
    VRAM:     8088 MB
    Driver:   27.21.14.6079
Initialize mono
Mono path[0] = 'E:/Unity Engine/Unity2020.3.4f1 LTS/2020.3.4f1/Editor/Data/Managed'
Mono path[1] = 'E:/Unity Engine/Unity2020.3.4f1 LTS/2020.3.4f1/Editor/Data/MonoBleedingEdge/lib/mono/unityjit'
Mono config path = 'E:/Unity Engine/Unity2020.3.4f1 LTS/2020.3.4f1/Editor/Data/MonoBleedingEdge/etc'
Using monoOptions --debugger-agent=transport=dt_socket,embedding=1,server=y,suspend=n,address=127.0.0.1:56784
Begin MonoManager ReloadAssembly
Registering precompiled unity dll's ...
Register platform support module: E:/Unity Engine/Unity2020.3.4f1 LTS/2020.3.4f1/Editor/Data/PlaybackEngines/WindowsStandaloneSupport/UnityEditor.WindowsStandalone.Extensions.dll
Registered in 0.001096 seconds.
Native extension for WindowsStandalone target not found
Refreshing native plugins compatible for Editor in 35.43 ms, found 0 plugins.
Preloading 0 native plugins for Editor in 0.00 ms.
Mono: successfully reloaded assembly
- Completed reload, in  1.559 seconds
Platform modules already initialized, skipping
Registering precompiled user dll's ...
Registered in 0.000877 seconds.
Begin MonoManager ReloadAssembly
Native extension for WindowsStandalone target not found
Refreshing native plugins compatible for Editor in 0.30 ms, found 0 plugins.
Preloading 0 native plugins for Editor in 0.00 ms.
Mono: successfully reloaded assembly
- Completed reload, in  0.843 seconds
Platform modules already initialized, skipping
========================================================================
Worker process is ready to serve import requests
Launched and connected shader compiler UnityShaderCompiler.exe after 0.04 seconds
Refreshing native plugins compatible for Editor in 0.29 ms, found 0 plugins.
Preloading 0 native plugins for Editor in 0.00 ms.
Unloading 1298 Unused Serialized files (Serialized files now loaded: 0)
System memory in use before: 88.7 MB.
System memory in use after: 88.8 MB.

Unloading 9 unused Assets to reduce memory usage. Loaded Objects now: 1762.
Total: 1.813400 ms (FindLiveObjects: 0.227700 ms CreateObjectMapping: 0.051000 ms MarkObjects: 1.447300 ms  DeleteObjects: 0.086400 ms)

========================================================================
Received Import Request.
  path: Assets/GUI/PNG/Inventory/Inventory_slot.png
  artifactKey: Guid(6806db4729466eb44bd5080f56f80cca) Importer(815301076,1909f56bfc062723c751e8b465ee728b)
Start importing Assets/GUI/PNG/Inventory/Inventory_slot.png using Guid(6806db4729466eb44bd5080f56f80cca) Importer(815301076,1909f56bfc062723c751e8b465ee728b)  -> (artifact id: '9cedf05ab4021e33556638f35117b2cd') in 0.110521 seconds
  Import took 0.113043 seconds .

========================================================================
Received Import Request.
  Time since last request: 4.750973 seconds.
  path: Assets/GUI/PNG/Inventory/Inventory_slot.png
  artifactKey: Guid(6806db4729466eb44bd5080f56f80cca) Importer(815301076,1909f56bfc062723c751e8b465ee728b)
Start importing Assets/GUI/PNG/Inventory/Inventory_slot.png using Guid(6806db4729466eb44bd5080f56f80cca) Importer(815301076,1909f56bfc062723c751e8b465ee728b)  -> (artifact id: '0a5ae8b2508553ddf91b4171f8b29fde') in 0.049091 seconds
  Import took 0.051294 seconds .

========================================================================
Received Prepare
Registering precompiled user dll's ...
Registered in 0.000790 seconds.
Begin MonoManager ReloadAssembly
Native extension for WindowsStandalone target not found
Refreshing native plugins compatible for Editor in 0.30 ms, found 0 plugins.
Preloading 0 native plugins for Editor in 0.00 ms.
Mono: successfully reloaded assembly
- Completed reload, in  0.793 seconds
Platform modules already initialized, skipping
Refreshing native plugins compatible for Editor in 0.29 ms, found 0 plugins.
Preloading 0 native plugins for Editor in 0.00 ms.
Unloading 1254 Unused Serialized files (Serialized files now loaded: 0)
System memory in use before: 87.9 MB.
System memory in use after: 88.0 MB.

Unloading 4 unused Assets to reduce memory usage. Loaded Objects now: 1771.
Total: 1.747200 ms (FindLiveObjects: 0.229800 ms CreateObjectMapping: 0.031800 ms MarkObjects: 1.470800 ms  DeleteObjects: 0.012900 ms)

========================================================================
Received Prepare
Registering precompiled user dll's ...
Registered in 0.000785 seconds.
Begin MonoManager ReloadAssembly
Native extension for WindowsStandalone target not found
Refreshing native plugins compatible for Editor in 0.30 ms, found 0 plugins.
Preloading 0 native plugins for Editor in 0.00 ms.
Mono: successfully reloaded assembly
- Completed reload, in  0.788 seconds
Platform modules already initialized, skipping
Refreshing native plugins compatible for Editor in 0.31 ms, found 0 plugins.
Preloading 0 native plugins for Editor in 0.00 ms.
Unloading 1254 Unused Serialized files (Serialized files now loaded: 0)
System memory in use before: 87.9 MB.
System memory in use after: 88.0 MB.

Unloading 4 unused Assets to reduce memory usage. Loaded Objects now: 1774.
Total: 1.562600 ms (FindLiveObjects: 0.150800 ms CreateObjectMapping: 0.030700 ms MarkObjects: 1.368300 ms  DeleteObjects: 0.011700 ms)

========================================================================
Received Prepare
Registering precompiled user dll's ...
Registered in 0.000812 seconds.
Begin MonoManager ReloadAssembly
Native extension for WindowsStandalone target not found
Refreshing native plugins compatible for Editor in 0.31 ms, found 0 plugins.
Preloading 0 native plugins for Editor in 0.00 ms.
Mono: successfully reloaded assembly
- Completed reload, in  0.805 seconds
Platform modules already initialized, skipping
Refreshing native plugins compatible for Editor in 0.30 ms, found 0 plugins.
Preloading 0 native plugins for Editor in 0.00 ms.
Unloading 1254 Unused Serialized files (Serialized files now loaded: 0)
System memory in use before: 87.9 MB.
System memory in use after: 88.0 MB.

Unloading 4 unused Assets to reduce memory usage. Loaded Objects now: 1777.
Total: 1.564900 ms (FindLiveObjects: 0.153400 ms CreateObjectMapping: 0.029900 ms MarkObjects: 1.368800 ms  DeleteObjects: 0.012000 ms)

========================================================================
Received Import Request.
  Time since last request: 353.858790 seconds.
  path: Assets/Inventory
  artifactKey: Guid(1ce702b2a6f78df448153530b2cb283b) Importer(815301076,1909f56bfc062723c751e8b465ee728b)
Start importing Assets/Inventory using Guid(1ce702b2a6f78df448153530b2cb283b) Importer(815301076,1909f56bfc062723c751e8b465ee728b)  -> (artifact id: '4b50ade75ee7ffd8bde9d63a3aa84cd5') in 0.011637 seconds
  Import took 0.014178 seconds .

========================================================================
Received Import Request.
  Time since last request: 7.638191 seconds.
  path: Assets/Inventory/prefabs
  artifactKey: Guid(a379abb7e4d92544fb435593512bfbd3) Importer(815301076,1909f56bfc062723c751e8b465ee728b)
Start importing Assets/Inventory/prefabs using Guid(a379abb7e4d92544fb435593512bfbd3) Importer(815301076,1909f56bfc062723c751e8b465ee728b)  -> (artifact id: '2fe3d3b6a59f60c3a9354f48ec953518') in 0.008213 seconds
  Import took 0.010457 seconds .

========================================================================
Received Import Request.
  Time since last request: 11.705509 seconds.
  path: Assets/Inventory/prefabs/slot.prefab
  artifactKey: Guid(80d1b5512c7596f41947134fa9c2d5ec) Importer(815301076,1909f56bfc062723c751e8b465ee728b)
Start importing Assets/Inventory/prefabs/slot.prefab using Guid(80d1b5512c7596f41947134fa9c2d5ec) Importer(815301076,1909f56bfc062723c751e8b465ee728b)  -> (artifact id: 'fd1994da416086fa3664cd22212da3b7') in 0.065855 seconds
  Import took 0.080795 seconds .

========================================================================
Received Import Request.
  Time since last request: 0.001821 seconds.
  path: Assets/Inventory/prefabs/slot.prefab
  artifactKey: Guid(80d1b5512c7596f41947134fa9c2d5ec) Importer(815301076,1909f56bfc062723c751e8b465ee728b)
Start importing Assets/Inventory/prefabs/slot.prefab using Guid(80d1b5512c7596f41947134fa9c2d5ec) Importer(815301076,1909f56bfc062723c751e8b465ee728b)  -> (artifact id: 'fd1994da416086fa3664cd22212da3b7') in 0.028957 seconds
  Import took 0.032664 seconds .

========================================================================
Received Prepare
Registering precompiled user dll's ...
Registered in 0.000986 seconds.
Begin MonoManager ReloadAssembly
Native extension for WindowsStandalone target not found
Refreshing native plugins compatible for Editor in 0.32 ms, found 0 plugins.
Preloading 0 native plugins for Editor in 0.00 ms.
Mono: successfully reloaded assembly
- Completed reload, in  0.787 seconds
Platform modules already initialized, skipping
Refreshing native plugins compatible for Editor in 0.30 ms, found 0 plugins.
Preloading 0 native plugins for Editor in 0.00 ms.
Unloading 1254 Unused Serialized files (Serialized files now loaded: 0)
System memory in use before: 87.9 MB.
System memory in use after: 88.1 MB.

Unloading 4 unused Assets to reduce memory usage. Loaded Objects now: 1780.
Total: 1.535600 ms (FindLiveObjects: 0.163100 ms CreateObjectMapping: 0.030000 ms MarkObjects: 1.329600 ms  DeleteObjects: 0.012300 ms)

========================================================================
Received Import Request.
  Time since last request: 3286.587114 seconds.
  path: Assets/GUI/PNG/Inventory/use_button.png
  artifactKey: Guid(f30bca4601187144284c59412913d295) Importer(815301076,1909f56bfc062723c751e8b465ee728b)
Start importing Assets/GUI/PNG/Inventory/use_button.png using Guid(f30bca4601187144284c59412913d295) Importer(815301076,1909f56bfc062723c751e8b465ee728b)  -> (artifact id: 'd5deadb6bd973f4a053e9dbdc76e30a6') in 0.074933 seconds
  Import took 0.080157 seconds .

========================================================================
Received Import Request.
  Time since last request: 3.615950 seconds.
  path: Assets/GUI/PNG/Inventory/use_button.png
  artifactKey: Guid(f30bca4601187144284c59412913d295) Importer(815301076,1909f56bfc062723c751e8b465ee728b)
Start importing Assets/GUI/PNG/Inventory/use_button.png using Guid(f30bca4601187144284c59412913d295) Importer(815301076,1909f56bfc062723c751e8b465ee728b)  -> (artifact id: '75e54932cee463afef90dbd9ffcadce2') in 0.034396 seconds
  Import took 0.036542 seconds .

========================================================================
Received Prepare
Registering precompiled user dll's ...
Registered in 0.000786 seconds.
Begin MonoManager ReloadAssembly
Native extension for WindowsStandalone target not found
Refreshing native plugins compatible for Editor in 0.31 ms, found 0 plugins.
Preloading 0 native plugins for Editor in 0.00 ms.
Mono: successfully reloaded assembly
- Completed reload, in  0.806 seconds
Platform modules already initialized, skipping
Refreshing native plugins compatible for Editor in 0.29 ms, found 0 plugins.
Preloading 0 native plugins for Editor in 0.00 ms.
Unloading 1254 Unused Serialized files (Serialized files now loaded: 0)
System memory in use before: 88.0 MB.
System memory in use after: 88.1 MB.

Unloading 4 unused Assets to reduce memory usage. Loaded Objects now: 1787.
Total: 1.637200 ms (FindLiveObjects: 0.159400 ms CreateObjectMapping: 0.029700 ms MarkObjects: 1.430700 ms  DeleteObjects: 0.016600 ms)

========================================================================
Received Prepare
Registering precompiled user dll's ...
Registered in 0.000717 seconds.
Begin MonoManager ReloadAssembly
Native extension for WindowsStandalone target not found
Refreshing native plugins compatible for Editor in 0.30 ms, found 0 plugins.
Preloading 0 native plugins for Editor in 0.00 ms.
Mono: successfully reloaded assembly
- Completed reload, in  0.797 seconds
Platform modules already initialized, skipping
Refreshing native plugins compatible for Editor in 0.29 ms, found 0 plugins.
Preloading 0 native plugins for Editor in 0.00 ms.
Unloading 1254 Unused Serialized files (Serialized files now loaded: 0)
System memory in use before: 88.0 MB.
System memory in use after: 88.1 MB.

Unloading 4 unused Assets to reduce memory usage. Loaded Objects now: 1790.
Total: 1.633200 ms (FindLiveObjects: 0.169600 ms CreateObjectMapping: 0.031500 ms MarkObjects: 1.418700 ms  DeleteObjects: 0.012200 ms)

========================================================================
Received Import Request.
  Time since last request: 511.601257 seconds.
  path: Assets/GUI/PNG/Inventory/use_button.png
  artifactKey: Guid(f30bca4601187144284c59412913d295) Importer(815301076,1909f56bfc062723c751e8b465ee728b)
Start importing Assets/GUI/PNG/Inventory/use_button.png using Guid(f30bca4601187144284c59412913d295) Importer(815301076,1909f56bfc062723c751e8b465ee728b)  -> (artifact id: '6a5e023b6710c516b93d0771a162e237') in 0.043875 seconds
  Import took 0.046720 seconds .

========================================================================
Received Import Request.
  Time since last request: 4.378112 seconds.
  path: Assets/GUI/PNG/Inventory/use_button.png
  artifactKey: Guid(f30bca4601187144284c59412913d295) Importer(815301076,1909f56bfc062723c751e8b465ee728b)
Start importing Assets/GUI/PNG/Inventory/use_button.png using Guid(f30bca4601187144284c59412913d295) Importer(815301076,1909f56bfc062723c751e8b465ee728b)  -> (artifact id: 'ef545f5270689f8197fe2d81495748f4') in 0.032781 seconds
  Import took 0.034923 seconds .

========================================================================
Received Prepare
Registering precompiled user dll's ...
Registered in 0.000729 seconds.
Begin MonoManager ReloadAssembly
Native extension for WindowsStandalone target not found
Refreshing native plugins compatible for Editor in 0.43 ms, found 0 plugins.
Preloading 0 native plugins for Editor in 0.00 ms.
Mono: successfully reloaded assembly
- Completed reload, in  0.825 seconds
Platform modules already initialized, skipping
Refreshing native plugins compatible for Editor in 0.29 ms, found 0 plugins.
Preloading 0 native plugins for Editor in 0.00 ms.
Unloading 1254 Unused Serialized files (Serialized files now loaded: 0)
System memory in use before: 88.0 MB.
System memory in use after: 88.1 MB.

Unloading 4 unused Assets to reduce memory usage. Loaded Objects now: 1796.
Total: 1.515700 ms (FindLiveObjects: 0.149400 ms CreateObjectMapping: 0.030800 ms MarkObjects: 1.323100 ms  DeleteObjects: 0.011400 ms)

========================================================================
Received Import Request.
  Time since last request: 286.478350 seconds.
  path: Assets/GUI/PNG/Inventory/use_button.png
  artifactKey: Guid(f30bca4601187144284c59412913d295) Importer(815301076,1909f56bfc062723c751e8b465ee728b)
Start importing Assets/GUI/PNG/Inventory/use_button.png using Guid(f30bca4601187144284c59412913d295) Importer(815301076,1909f56bfc062723c751e8b465ee728b)  -> (artifact id: 'd8d155a8008b37d9ef737cc4709940b8') in 0.042996 seconds
  Import took 0.045980 seconds .

========================================================================
Received Import Request.
  Time since last request: 3.968019 seconds.
  path: Assets/GUI/PNG/Inventory/use_button.png
  artifactKey: Guid(f30bca4601187144284c59412913d295) Importer(815301076,1909f56bfc062723c751e8b465ee728b)
Start importing Assets/GUI/PNG/Inventory/use_button.png using Guid(f30bca4601187144284c59412913d295) Importer(815301076,1909f56bfc062723c751e8b465ee728b)  -> (artifact id: 'bf65ef4e258697952a3f9870c4fd22dc') in 0.033884 seconds
  Import took 0.036278 seconds .

========================================================================
Received Prepare
Registering precompiled user dll's ...
Registered in 0.000768 seconds.
Begin MonoManager ReloadAssembly
Native extension for WindowsStandalone target not found
Refreshing native plugins compatible for Editor in 0.30 ms, found 0 plugins.
Preloading 0 native plugins for Editor in 0.00 ms.
Mono: successfully reloaded assembly
- Completed reload, in  0.794 seconds
Platform modules already initialized, skipping
Refreshing native plugins compatible for Editor in 0.30 ms, found 0 plugins.
Preloading 0 native plugins for Editor in 0.00 ms.
Unloading 1254 Unused Serialized files (Serialized files now loaded: 0)
System memory in use before: 88.0 MB.
System memory in use after: 88.1 MB.

Unloading 4 unused Assets to reduce memory usage. Loaded Objects now: 1800.
Total: 1.615900 ms (FindLiveObjects: 0.163100 ms CreateObjectMapping: 0.031000 ms MarkObjects: 1.404600 ms  DeleteObjects: 0.016300 ms)

========================================================================
Received Prepare
Registering precompiled user dll's ...
Registered in 0.000841 seconds.
Begin MonoManager ReloadAssembly
Native extension for WindowsStandalone target not found
Refreshing native plugins compatible for Editor in 0.30 ms, found 0 plugins.
Preloading 0 native plugins for Editor in 0.00 ms.
Mono: successfully reloaded assembly
- Completed reload, in  0.796 seconds
Platform modules already initialized, skipping
Refreshing native plugins compatible for Editor in 0.29 ms, found 0 plugins.
Preloading 0 native plugins for Editor in 0.00 ms.
Unloading 1254 Unused Serialized files (Serialized files now loaded: 0)
System memory in use before: 88.0 MB.
System memory in use after: 88.1 MB.

Unloading 4 unused Assets to reduce memory usage. Loaded Objects now: 1803.
Total: 1.935600 ms (FindLiveObjects: 0.228500 ms CreateObjectMapping: 0.035600 ms MarkObjects: 1.654400 ms  DeleteObjects: 0.015500 ms)

========================================================================
Received Prepare
Registering precompiled user dll's ...
Registered in 0.000781 seconds.
Begin MonoManager ReloadAssembly
Native extension for WindowsStandalone target not found
Refreshing native plugins compatible for Editor in 0.36 ms, found 0 plugins.
Preloading 0 native plugins for Editor in 0.00 ms.
Mono: successfully reloaded assembly
- Completed reload, in  0.796 seconds
Platform modules already initialized, skipping
Refreshing native plugins compatible for Editor in 0.29 ms, found 0 plugins.
Preloading 0 native plugins for Editor in 0.00 ms.
Unloading 1254 Unused Serialized files (Serialized files now loaded: 0)
System memory in use before: 88.0 MB.
System memory in use after: 88.1 MB.

Unloading 4 unused Assets to reduce memory usage. Loaded Objects now: 1806.
Total: 1.625000 ms (FindLiveObjects: 0.154100 ms CreateObjectMapping: 0.031300 ms MarkObjects: 1.422200 ms  DeleteObjects: 0.016000 ms)

========================================================================
Received Import Request.
  Time since last request: 100.157651 seconds.
  path: Assets/GUI/PNG/Inventory/use_button.png
  artifactKey: Guid(f30bca4601187144284c59412913d295) Importer(815301076,1909f56bfc062723c751e8b465ee728b)
Start importing Assets/GUI/PNG/Inventory/use_button.png using Guid(f30bca4601187144284c59412913d295) Importer(815301076,1909f56bfc062723c751e8b465ee728b)  -> (artifact id: '0567742ab47d86d8f36b0205d5c8a862') in 0.036064 seconds
  Import took 0.038746 seconds .

========================================================================
Received Import Request.
  Time since last request: 3.916316 seconds.
  path: Assets/GUI/PNG/Inventory/use_button.png
  artifactKey: Guid(f30bca4601187144284c59412913d295) Importer(815301076,1909f56bfc062723c751e8b465ee728b)
Start importing Assets/GUI/PNG/Inventory/use_button.png using Guid(f30bca4601187144284c59412913d295) Importer(815301076,1909f56bfc062723c751e8b465ee728b)  -> (artifact id: 'f3c753c8a2e992586ea41b72f09acbd3') in 0.031138 seconds
  Import took 0.065164 seconds .

========================================================================
Received Prepare
Registering precompiled user dll's ...
Registered in 0.000798 seconds.
Begin MonoManager ReloadAssembly
Native extension for WindowsStandalone target not found
Refreshing native plugins compatible for Editor in 0.32 ms, found 0 plugins.
Preloading 0 native plugins for Editor in 0.00 ms.
Mono: successfully reloaded assembly
- Completed reload, in  0.845 seconds
Platform modules already initialized, skipping
Refreshing native plugins compatible for Editor in 0.29 ms, found 0 plugins.
Preloading 0 native plugins for Editor in 0.00 ms.
Unloading 1254 Unused Serialized files (Serialized files now loaded: 0)
System memory in use before: 88.0 MB.
System memory in use after: 88.1 MB.

Unloading 4 unused Assets to reduce memory usage. Loaded Objects now: 1810.
Total: 1.584700 ms (FindLiveObjects: 0.164300 ms CreateObjectMapping: 0.032700 ms MarkObjects: 1.375000 ms  DeleteObjects: 0.011900 ms)

========================================================================
Received Import Request.
  Time since last request: 234.868915 seconds.
  path: Assets/Font/jf-openhuninn-1.1.ttf
  artifactKey: Guid(35038cc6e4a6b154997e3436fd135396) Importer(815301076,1909f56bfc062723c751e8b465ee728b)
Start importing Assets/Font/jf-openhuninn-1.1.ttf using Guid(35038cc6e4a6b154997e3436fd135396) Importer(815301076,1909f56bfc062723c751e8b465ee728b)  -> (artifact id: 'ce67768ad548661cd71db0c3be5a5d3b') in 0.093704 seconds
  Import took 0.096460 seconds .

========================================================================
Received Import Request.
  Time since last request: 18.365760 seconds.
  path: Assets/Font/SoukouMincho.ttf
  artifactKey: Guid(f3d59ae596fec0544a4163b73f2a9ebe) Importer(815301076,1909f56bfc062723c751e8b465ee728b)
Start importing Assets/Font/SoukouMincho.ttf using Guid(f3d59ae596fec0544a4163b73f2a9ebe) Importer(815301076,1909f56bfc062723c751e8b465ee728b)  -> (artifact id: '03b1dcf2f15124219d93054b6d82b1f1') in 0.024813 seconds
  Import took 0.028349 seconds .

========================================================================
Received Import Request.
  Time since last request: 0.002011 seconds.
  path: Assets/Font/SoukouMincho.ttf
  artifactKey: Guid(f3d59ae596fec0544a4163b73f2a9ebe) Importer(815301076,1909f56bfc062723c751e8b465ee728b)
Start importing Assets/Font/SoukouMincho.ttf using Guid(f3d59ae596fec0544a4163b73f2a9ebe) Importer(815301076,1909f56bfc062723c751e8b465ee728b)  -> (artifact id: '03b1dcf2f15124219d93054b6d82b1f1') in 0.018474 seconds
  Import took 0.021411 seconds .

========================================================================
Received Import Request.
  Time since last request: 3.407942 seconds.
  path: Assets/Font/sp-setofont.ttf
  artifactKey: Guid(7e67fa98b1791704c8fb4d8910d5cd92) Importer(815301076,1909f56bfc062723c751e8b465ee728b)
Start importing Assets/Font/sp-setofont.ttf using Guid(7e67fa98b1791704c8fb4d8910d5cd92) Importer(815301076,1909f56bfc062723c751e8b465ee728b)  -> (artifact id: '69cc8a7aca892c88069fc72e2baddca1') in 0.019737 seconds
  Import took 0.022558 seconds .

========================================================================
Received Import Request.
  Time since last request: 6.953294 seconds.
  path: Assets/Font/漢儀文黑-55繁.ttf
  artifactKey: Guid(82da870322bfb8949b140e7aa64c4f19) Importer(815301076,1909f56bfc062723c751e8b465ee728b)
Start importing Assets/Font/漢儀文黑-55繁.ttf using Guid(82da870322bfb8949b140e7aa64c4f19) Importer(815301076,1909f56bfc062723c751e8b465ee728b)  -> (artifact id: '291f5bef4976613ca084c07a7ea98573') in 0.011446 seconds
  Import took 0.013669 seconds .

========================================================================
Received Prepare
Registering precompiled user dll's ...
Registered in 0.000747 seconds.
Begin MonoManager ReloadAssembly
Native extension for WindowsStandalone target not found
Refreshing native plugins compatible for Editor in 0.30 ms, found 0 plugins.
Preloading 0 native plugins for Editor in 0.00 ms.
Mono: successfully reloaded assembly
- Completed reload, in  0.785 seconds
Platform modules already initialized, skipping
Refreshing native plugins compatible for Editor in 0.29 ms, found 0 plugins.
Preloading 0 native plugins for Editor in 0.00 ms.
Unloading 1254 Unused Serialized files (Serialized files now loaded: 0)
System memory in use before: 88.6 MB.
System memory in use after: 88.7 MB.

Unloading 4 unused Assets to reduce memory usage. Loaded Objects now: 1854.
Total: 1.517200 ms (FindLiveObjects: 0.153800 ms CreateObjectMapping: 0.030300 ms MarkObjects: 1.321400 ms  DeleteObjects: 0.011000 ms)

========================================================================
Received Prepare
Registering precompiled user dll's ...
Registered in 0.000852 seconds.
Begin MonoManager ReloadAssembly
Native extension for WindowsStandalone target not found
Refreshing native plugins compatible for Editor in 0.31 ms, found 0 plugins.
Preloading 0 native plugins for Editor in 0.00 ms.
Mono: successfully reloaded assembly
- Completed reload, in  0.824 seconds
Platform modules already initialized, skipping
Refreshing native plugins compatible for Editor in 0.29 ms, found 0 plugins.
Preloading 0 native plugins for Editor in 0.00 ms.
Unloading 1254 Unused Serialized files (Serialized files now loaded: 0)
System memory in use before: 88.6 MB.
System memory in use after: 88.7 MB.

Unloading 4 unused Assets to reduce memory usage. Loaded Objects now: 1857.
Total: 2.154200 ms (FindLiveObjects: 0.164100 ms CreateObjectMapping: 0.032500 ms MarkObjects: 1.936600 ms  DeleteObjects: 0.019200 ms)

========================================================================
Received Prepare
Registering precompiled user dll's ...
Registered in 0.000841 seconds.
Begin MonoManager ReloadAssembly
Native extension for WindowsStandalone target not found
Refreshing native plugins compatible for Editor in 0.30 ms, found 0 plugins.
Preloading 0 native plugins for Editor in 0.00 ms.
Mono: successfully reloaded assembly
- Completed reload, in  0.851 seconds
Platform modules already initialized, skipping
Refreshing native plugins compatible for Editor in 0.53 ms, found 0 plugins.
Preloading 0 native plugins for Editor in 0.00 ms.
Unloading 1254 Unused Serialized files (Serialized files now loaded: 0)
System memory in use before: 88.6 MB.
System memory in use after: 88.7 MB.

Unloading 4 unused Assets to reduce memory usage. Loaded Objects now: 1860.
Total: 2.757300 ms (FindLiveObjects: 0.305400 ms CreateObjectMapping: 0.054600 ms MarkObjects: 2.372400 ms  DeleteObjects: 0.023400 ms)

========================================================================
Received Import Request.
  Time since last request: 726.106700 seconds.
  path: Assets/GUI/PNG/Inventory/icons8-bag-64.png
  artifactKey: Guid(739e3804bcb5ca340a9b36205bf559ef) Importer(815301076,1909f56bfc062723c751e8b465ee728b)
Start importing Assets/GUI/PNG/Inventory/icons8-bag-64.png using Guid(739e3804bcb5ca340a9b36205bf559ef) Importer(815301076,1909f56bfc062723c751e8b465ee728b)  -> (artifact id: 'a08a007c5ab2129a5914818b1b34d538') in 0.037662 seconds
  Import took 0.086550 seconds .

========================================================================
Received Import Request.
  Time since last request: 5.047376 seconds.
  path: Assets/GUI/PNG/Inventory/icons8-bag-64.png
  artifactKey: Guid(739e3804bcb5ca340a9b36205bf559ef) Importer(815301076,1909f56bfc062723c751e8b465ee728b)
Start importing Assets/GUI/PNG/Inventory/icons8-bag-64.png using Guid(739e3804bcb5ca340a9b36205bf559ef) Importer(815301076,1909f56bfc062723c751e8b465ee728b)  -> (artifact id: 'aa27ed60a7b254a579bf5fba11a4a46c') in 0.026469 seconds
  Import took 0.122362 seconds .

========================================================================
Received Prepare
Registering precompiled user dll's ...
Registered in 0.000822 seconds.
Begin MonoManager ReloadAssembly
Native extension for WindowsStandalone target not found
Refreshing native plugins compatible for Editor in 0.33 ms, found 0 plugins.
Preloading 0 native plugins for Editor in 0.00 ms.
Mono: successfully reloaded assembly
- Completed reload, in  0.826 seconds
Platform modules already initialized, skipping
Refreshing native plugins compatible for Editor in 0.30 ms, found 0 plugins.
Preloading 0 native plugins for Editor in 0.00 ms.
Unloading 1254 Unused Serialized files (Serialized files now loaded: 0)
System memory in use before: 88.6 MB.
System memory in use after: 88.7 MB.

Unloading 4 unused Assets to reduce memory usage. Loaded Objects now: 1866.
Total: 1.760500 ms (FindLiveObjects: 0.176600 ms CreateObjectMapping: 0.031800 ms MarkObjects: 1.538900 ms  DeleteObjects: 0.012400 ms)

========================================================================
Received Import Request.
  Time since last request: 2258.232358 seconds.
  path: Assets/GUI/PNG/Inventory/close_icon.png
  artifactKey: Guid(b1499dbe0ffb7234586146bd5f5d2888) Importer(815301076,1909f56bfc062723c751e8b465ee728b)
Start importing Assets/GUI/PNG/Inventory/close_icon.png using Guid(b1499dbe0ffb7234586146bd5f5d2888) Importer(815301076,1909f56bfc062723c751e8b465ee728b)  -> (artifact id: '6ddb86949ada8efefc4c3015ecdd8292') in 0.050763 seconds
  Import took 0.054139 seconds .

========================================================================
Received Import Request.
  Time since last request: 5.564152 seconds.
  path: Assets/GUI/PNG/Inventory/close_icon.png
  artifactKey: Guid(b1499dbe0ffb7234586146bd5f5d2888) Importer(815301076,1909f56bfc062723c751e8b465ee728b)
Start importing Assets/GUI/PNG/Inventory/close_icon.png using Guid(b1499dbe0ffb7234586146bd5f5d2888) Importer(815301076,1909f56bfc062723c751e8b465ee728b)  -> (artifact id: 'bcb87327660c17c7ae9c7428111829f3') in 0.032501 seconds
  Import took 0.035117 seconds .

========================================================================
Received Prepare
Registering precompiled user dll's ...
Registered in 0.000857 seconds.
Begin MonoManager ReloadAssembly
Native extension for WindowsStandalone target not found
Refreshing native plugins compatible for Editor in 0.32 ms, found 0 plugins.
Preloading 0 native plugins for Editor in 0.00 ms.
Mono: successfully reloaded assembly
- Completed reload, in  0.798 seconds
Platform modules already initialized, skipping
Refreshing native plugins compatible for Editor in 0.30 ms, found 0 plugins.
Preloading 0 native plugins for Editor in 0.00 ms.
Unloading 1254 Unused Serialized files (Serialized files now loaded: 0)
System memory in use before: 88.6 MB.
System memory in use after: 88.7 MB.

Unloading 4 unused Assets to reduce memory usage. Loaded Objects now: 1872.
Total: 1.718900 ms (FindLiveObjects: 0.166500 ms CreateObjectMapping: 0.031400 ms MarkObjects: 1.504200 ms  DeleteObjects: 0.015900 ms)

========================================================================
Received Import Request.
  Time since last request: 250.130357 seconds.
  path: Assets/GUI/PNG/Inventory/close_button.png
  artifactKey: Guid(987ebc2de0df7f546985377c1306da01) Importer(815301076,1909f56bfc062723c751e8b465ee728b)
Start importing Assets/GUI/PNG/Inventory/close_button.png using Guid(987ebc2de0df7f546985377c1306da01) Importer(815301076,1909f56bfc062723c751e8b465ee728b)  -> (artifact id: 'd8aec678c2dd4fcd4897df5704b7ea4b') in 0.044690 seconds
  Import took 0.047223 seconds .

========================================================================
Received Import Request.
  Time since last request: 4.552904 seconds.
  path: Assets/GUI/PNG/Inventory/close_button.png
  artifactKey: Guid(987ebc2de0df7f546985377c1306da01) Importer(815301076,1909f56bfc062723c751e8b465ee728b)
Start importing Assets/GUI/PNG/Inventory/close_button.png using Guid(987ebc2de0df7f546985377c1306da01) Importer(815301076,1909f56bfc062723c751e8b465ee728b)  -> (artifact id: 'f09911b47a752f7617d49c06564f7493') in 0.042135 seconds
  Import took 0.044287 seconds .

========================================================================
Received Prepare
Registering precompiled user dll's ...
Registered in 0.000799 seconds.
Begin MonoManager ReloadAssembly
Native extension for WindowsStandalone target not found
Refreshing native plugins compatible for Editor in 0.30 ms, found 0 plugins.
Preloading 0 native plugins for Editor in 0.00 ms.
Mono: successfully reloaded assembly
- Completed reload, in  0.796 seconds
Platform modules already initialized, skipping
Refreshing native plugins compatible for Editor in 0.31 ms, found 0 plugins.
Preloading 0 native plugins for Editor in 0.00 ms.
Unloading 1254 Unused Serialized files (Serialized files now loaded: 0)
System memory in use before: 88.6 MB.
System memory in use after: 88.7 MB.

Unloading 4 unused Assets to reduce memory usage. Loaded Objects now: 1876.
Total: 1.618300 ms (FindLiveObjects: 0.182500 ms CreateObjectMapping: 0.033200 ms MarkObjects: 1.390200 ms  DeleteObjects: 0.011600 ms)

========================================================================
Received Import Request.
  Time since last request: 59.961076 seconds.
  path: Assets/GUI/PNG/Inventory/close_button.png
  artifactKey: Guid(987ebc2de0df7f546985377c1306da01) Importer(815301076,1909f56bfc062723c751e8b465ee728b)
Start importing Assets/GUI/PNG/Inventory/close_button.png using Guid(987ebc2de0df7f546985377c1306da01) Importer(815301076,1909f56bfc062723c751e8b465ee728b)  -> (artifact id: '6333c17ace41b4c9475305318f7f6d9e') in 0.036215 seconds
  Import took 0.060128 seconds .

========================================================================
Received Import Request.
  Time since last request: 4.244332 seconds.
  path: Assets/GUI/PNG/Inventory/close_button.png
  artifactKey: Guid(987ebc2de0df7f546985377c1306da01) Importer(815301076,1909f56bfc062723c751e8b465ee728b)
Start importing Assets/GUI/PNG/Inventory/close_button.png using Guid(987ebc2de0df7f546985377c1306da01) Importer(815301076,1909f56bfc062723c751e8b465ee728b)  -> (artifact id: '4ad901b78187bea04f01c7475f047574') in 0.025840 seconds
  Import took 0.028911 seconds .

========================================================================
Received Prepare
Registering precompiled user dll's ...
Registered in 0.000801 seconds.
Begin MonoManager ReloadAssembly
Native extension for WindowsStandalone target not found
Refreshing native plugins compatible for Editor in 0.30 ms, found 0 plugins.
Preloading 0 native plugins for Editor in 0.00 ms.
Mono: successfully reloaded assembly
- Completed reload, in  0.791 seconds
Platform modules already initialized, skipping
Refreshing native plugins compatible for Editor in 0.31 ms, found 0 plugins.
Preloading 0 native plugins for Editor in 0.00 ms.
Unloading 1254 Unused Serialized files (Serialized files now loaded: 0)
System memory in use before: 88.7 MB.
System memory in use after: 88.8 MB.

Unloading 4 unused Assets to reduce memory usage. Loaded Objects now: 1880.
Total: 1.707900 ms (FindLiveObjects: 0.170000 ms CreateObjectMapping: 0.032500 ms MarkObjects: 1.488700 ms  DeleteObjects: 0.015900 ms)

========================================================================
Received Prepare
Registering precompiled user dll's ...
Registered in 0.000790 seconds.
Begin MonoManager ReloadAssembly
Native extension for WindowsStandalone target not found
Refreshing native plugins compatible for Editor in 0.31 ms, found 0 plugins.
Preloading 0 native plugins for Editor in 0.00 ms.
Mono: successfully reloaded assembly
- Completed reload, in  0.798 seconds
Platform modules already initialized, skipping
Refreshing native plugins compatible for Editor in 0.30 ms, found 0 plugins.
Preloading 0 native plugins for Editor in 0.00 ms.
Unloading 1254 Unused Serialized files (Serialized files now loaded: 0)
System memory in use before: 88.7 MB.
System memory in use after: 88.8 MB.

Unloading 4 unused Assets to reduce memory usage. Loaded Objects now: 1883.
Total: 1.941500 ms (FindLiveObjects: 0.177900 ms CreateObjectMapping: 0.032300 ms MarkObjects: 1.709300 ms  DeleteObjects: 0.021100 ms)

========================================================================
Received Import Request.
  Time since last request: 142.636884 seconds.
  path: Assets/Scripts/MainCameraController.cs
  artifactKey: Guid(507241505a327014e9d9d6c0dd23432b) Importer(815301076,1909f56bfc062723c751e8b465ee728b)
Start importing Assets/Scripts/MainCameraController.cs using Guid(507241505a327014e9d9d6c0dd23432b) Importer(815301076,1909f56bfc062723c751e8b465ee728b)  -> (artifact id: '87e23e4564e28c9ce33af94950564c51') in 0.068120 seconds
  Import took 0.087219 seconds .

========================================================================
Received Import Request.
  Time since last request: 0.205032 seconds.
  path: Assets/Scripts/Movement.cs
  artifactKey: Guid(ef6ab7d04b516e640b3d2f6511c3983c) Importer(815301076,1909f56bfc062723c751e8b465ee728b)
Start importing Assets/Scripts/Movement.cs using Guid(ef6ab7d04b516e640b3d2f6511c3983c) Importer(815301076,1909f56bfc062723c751e8b465ee728b)  -> (artifact id: '0af4934f3722dc744494296b287223e5') in 0.007589 seconds
  Import took 0.009721 seconds .

========================================================================
Received Import Request.
  Time since last request: 132.308380 seconds.
  path: Assets/Scripts/Movement.cs
  artifactKey: Guid(ef6ab7d04b516e640b3d2f6511c3983c) Importer(815301076,1909f56bfc062723c751e8b465ee728b)
Start importing Assets/Scripts/Movement.cs using Guid(ef6ab7d04b516e640b3d2f6511c3983c) Importer(815301076,1909f56bfc062723c751e8b465ee728b)  -> (artifact id: '86e0a5600a3b74f725899698d4b7a3b3') in 0.002772 seconds
  Import took 0.052059 seconds .

========================================================================
Received Prepare
Registering precompiled user dll's ...
Registered in 0.000918 seconds.
Begin MonoManager ReloadAssembly
Native extension for WindowsStandalone target not found
Refreshing native plugins compatible for Editor in 0.30 ms, found 0 plugins.
Preloading 0 native plugins for Editor in 0.00 ms.
Mono: successfully reloaded assembly
- Completed reload, in  0.820 seconds
Platform modules already initialized, skipping
Refreshing native plugins compatible for Editor in 0.29 ms, found 0 plugins.
Preloading 0 native plugins for Editor in 0.00 ms.
Unloading 1254 Unused Serialized files (Serialized files now loaded: 0)
System memory in use before: 88.7 MB.
System memory in use after: 88.8 MB.

Unloading 4 unused Assets to reduce memory usage. Loaded Objects now: 1886.
Total: 1.638600 ms (FindLiveObjects: 0.171300 ms CreateObjectMapping: 0.031700 ms MarkObjects: 1.422200 ms  DeleteObjects: 0.012500 ms)

========================================================================
Received Import Request.
  Time since last request: 291.189997 seconds.
  path: Assets/Scripts/Movement.cs
  artifactKey: Guid(ef6ab7d04b516e640b3d2f6511c3983c) Importer(815301076,1909f56bfc062723c751e8b465ee728b)
Start importing Assets/Scripts/Movement.cs using Guid(ef6ab7d04b516e640b3d2f6511c3983c) Importer(815301076,1909f56bfc062723c751e8b465ee728b)  -> (artifact id: '159b681f9ba6540e3345269e42e06a43') in 0.004420 seconds
  Import took 0.019367 seconds .

========================================================================
Received Prepare
Registering precompiled user dll's ...
Registered in 0.000813 seconds.
Begin MonoManager ReloadAssembly
Native extension for WindowsStandalone target not found
Refreshing native plugins compatible for Editor in 0.30 ms, found 0 plugins.
Preloading 0 native plugins for Editor in 0.00 ms.
Mono: successfully reloaded assembly
- Completed reload, in  0.814 seconds
Platform modules already initialized, skipping
Refreshing native plugins compatible for Editor in 0.29 ms, found 0 plugins.
Preloading 0 native plugins for Editor in 0.00 ms.
Unloading 1254 Unused Serialized files (Serialized files now loaded: 0)
System memory in use before: 88.7 MB.
System memory in use after: 88.8 MB.

Unloading 4 unused Assets to reduce memory usage. Loaded Objects now: 1889.
Total: 2.256300 ms (FindLiveObjects: 0.220900 ms CreateObjectMapping: 0.034900 ms MarkObjects: 1.980000 ms  DeleteObjects: 0.017800 ms)

========================================================================
Received Import Request.
  Time since last request: 63.569939 seconds.
  path: Assets/AssetStore/unity-chan!/Unity-chan! Model/Art/Models/BoxUnityChan.fbx
  artifactKey: Guid(d6dad0fb52ba12f458cc7ffb66882391) Importer(815301076,1909f56bfc062723c751e8b465ee728b)
Start importing Assets/AssetStore/unity-chan!/Unity-chan! Model/Art/Models/BoxUnityChan.fbx using Guid(d6dad0fb52ba12f458cc7ffb66882391) Importer(815301076,1909f56bfc062723c751e8b465ee728b)  -> (artifact id: '802868b66e8ad7745be92412ff3813b0') in 0.356305 seconds
  Import took 0.359284 seconds .

========================================================================
Received Import Request.
  Time since last request: 0.000174 seconds.
  path: Assets/AssetStore/FightingUnityChan_FreeAsset/FightingUnityChan_FreeAsset/Animations/FUCM05_0000_Idle.fbx
  artifactKey: Guid(08d7da7b21b2acc4f9cab6ebd487367f) Importer(815301076,1909f56bfc062723c751e8b465ee728b)
Start importing Assets/AssetStore/FightingUnityChan_FreeAsset/FightingUnityChan_FreeAsset/Animations/FUCM05_0000_Idle.fbx using Guid(08d7da7b21b2acc4f9cab6ebd487367f) Importer(815301076,1909f56bfc062723c751e8b465ee728b)  -> (artifact id: '4b7691cb7e9dd963f18d2e60648a6a20') in 0.226995 seconds
  Import took 0.229863 seconds .

========================================================================
Received Import Request.
  Time since last request: 0.000226 seconds.
  path: Assets/AssetStore/unity-chan!/Unity-chan! Model/Art/Models/BoxUnityChan.fbx
  artifactKey: Guid(d6dad0fb52ba12f458cc7ffb66882391) Importer(815301076,1909f56bfc062723c751e8b465ee728b)
Start importing Assets/AssetStore/unity-chan!/Unity-chan! Model/Art/Models/BoxUnityChan.fbx using Guid(d6dad0fb52ba12f458cc7ffb66882391) Importer(815301076,1909f56bfc062723c751e8b465ee728b)  -> (artifact id: '802868b66e8ad7745be92412ff3813b0') in 0.126408 seconds
  Import took 0.129290 seconds .

========================================================================
Received Import Request.
  Time since last request: 0.000185 seconds.
  path: Assets/AssetStore/FightingUnityChan_FreeAsset/FightingUnityChan_FreeAsset/Animations/FUCM05_0000_Idle.fbx
  artifactKey: Guid(08d7da7b21b2acc4f9cab6ebd487367f) Importer(815301076,1909f56bfc062723c751e8b465ee728b)
Start importing Assets/AssetStore/FightingUnityChan_FreeAsset/FightingUnityChan_FreeAsset/Animations/FUCM05_0000_Idle.fbx using Guid(08d7da7b21b2acc4f9cab6ebd487367f) Importer(815301076,1909f56bfc062723c751e8b465ee728b)  -> (artifact id: '4b7691cb7e9dd963f18d2e60648a6a20') in 0.075162 seconds
  Import took 0.077858 seconds .

========================================================================
Received Prepare
Registering precompiled user dll's ...
Registered in 0.000840 seconds.
Begin MonoManager ReloadAssembly
Native extension for WindowsStandalone target not found
Refreshing native plugins compatible for Editor in 0.31 ms, found 0 plugins.
Preloading 0 native plugins for Editor in 0.00 ms.
Mono: successfully reloaded assembly
- Completed reload, in  0.805 seconds
Platform modules already initialized, skipping
Refreshing native plugins compatible for Editor in 0.30 ms, found 0 plugins.
Preloading 0 native plugins for Editor in 0.00 ms.
Unloading 1254 Unused Serialized files (Serialized files now loaded: 0)
System memory in use before: 102.6 MB.
System memory in use after: 102.7 MB.

Unloading 4 unused Assets to reduce memory usage. Loaded Objects now: 1897.
Total: 1.790800 ms (FindLiveObjects: 0.188000 ms CreateObjectMapping: 0.032500 ms MarkObjects: 1.554600 ms  DeleteObjects: 0.014200 ms)

========================================================================
Received Prepare
Registering precompiled user dll's ...
Registered in 0.000832 seconds.
Begin MonoManager ReloadAssembly
Native extension for WindowsStandalone target not found
Refreshing native plugins compatible for Editor in 0.30 ms, found 0 plugins.
Preloading 0 native plugins for Editor in 0.00 ms.
Mono: successfully reloaded assembly
- Completed reload, in  0.797 seconds
Platform modules already initialized, skipping
Refreshing native plugins compatible for Editor in 0.31 ms, found 0 plugins.
Preloading 0 native plugins for Editor in 0.00 ms.
Unloading 1254 Unused Serialized files (Serialized files now loaded: 0)
System memory in use before: 102.6 MB.
System memory in use after: 102.7 MB.

Unloading 4 unused Assets to reduce memory usage. Loaded Objects now: 1900.
Total: 1.980700 ms (FindLiveObjects: 0.244100 ms CreateObjectMapping: 0.048300 ms MarkObjects: 1.670200 ms  DeleteObjects: 0.017300 ms)

========================================================================
Received Prepare
Registering precompiled user dll's ...
Registered in 0.000923 seconds.
Begin MonoManager ReloadAssembly
Native extension for WindowsStandalone target not found
Refreshing native plugins compatible for Editor in 0.30 ms, found 0 plugins.
Preloading 0 native plugins for Editor in 0.00 ms.
Mono: successfully reloaded assembly
- Completed reload, in  0.781 seconds
Platform modules already initialized, skipping
Refreshing native plugins compatible for Editor in 0.40 ms, found 0 plugins.
Preloading 0 native plugins for Editor in 0.00 ms.
Unloading 1254 Unused Serialized files (Serialized files now loaded: 0)
System memory in use before: 102.6 MB.
System memory in use after: 102.7 MB.

Unloading 4 unused Assets to reduce memory usage. Loaded Objects now: 1903.
Total: 1.551400 ms (FindLiveObjects: 0.160700 ms CreateObjectMapping: 0.030900 ms MarkObjects: 1.347600 ms  DeleteObjects: 0.011000 ms)

========================================================================
Received Prepare
Registering precompiled user dll's ...
Registered in 0.000846 seconds.
Begin MonoManager ReloadAssembly
Native extension for WindowsStandalone target not found
Refreshing native plugins compatible for Editor in 0.30 ms, found 0 plugins.
Preloading 0 native plugins for Editor in 0.00 ms.
Mono: successfully reloaded assembly
- Completed reload, in  0.797 seconds
Platform modules already initialized, skipping
Refreshing native plugins compatible for Editor in 0.31 ms, found 0 plugins.
Preloading 0 native plugins for Editor in 0.00 ms.
Unloading 1254 Unused Serialized files (Serialized files now loaded: 0)
System memory in use before: 102.6 MB.
System memory in use after: 102.8 MB.

Unloading 4 unused Assets to reduce memory usage. Loaded Objects now: 1906.
Total: 2.515700 ms (FindLiveObjects: 0.360100 ms CreateObjectMapping: 0.070800 ms MarkObjects: 2.066800 ms  DeleteObjects: 0.016600 ms)

========================================================================
Received Prepare
Registering precompiled user dll's ...
Registered in 0.000815 seconds.
Begin MonoManager ReloadAssembly
Native extension for WindowsStandalone target not found
Refreshing native plugins compatible for Editor in 0.30 ms, found 0 plugins.
Preloading 0 native plugins for Editor in 0.00 ms.
Mono: successfully reloaded assembly
- Completed reload, in  0.796 seconds
Platform modules already initialized, skipping
Refreshing native plugins compatible for Editor in 0.32 ms, found 0 plugins.
Preloading 0 native plugins for Editor in 0.00 ms.
Unloading 1254 Unused Serialized files (Serialized files now loaded: 0)
System memory in use before: 102.7 MB.
System memory in use after: 102.8 MB.

Unloading 4 unused Assets to reduce memory usage. Loaded Objects now: 1909.
Total: 1.658300 ms (FindLiveObjects: 0.179400 ms CreateObjectMapping: 0.032200 ms MarkObjects: 1.430700 ms  DeleteObjects: 0.014600 ms)

========================================================================
Received Prepare
Registering precompiled user dll's ...
Registered in 0.000826 seconds.
Begin MonoManager ReloadAssembly
Native extension for WindowsStandalone target not found
Refreshing native plugins compatible for Editor in 0.30 ms, found 0 plugins.
Preloading 0 native plugins for Editor in 0.00 ms.
Mono: successfully reloaded assembly
- Completed reload, in  0.777 seconds
Platform modules already initialized, skipping
Refreshing native plugins compatible for Editor in 0.31 ms, found 0 plugins.
Preloading 0 native plugins for Editor in 0.00 ms.
Unloading 1254 Unused Serialized files (Serialized files now loaded: 0)
System memory in use before: 102.7 MB.
System memory in use after: 102.8 MB.

Unloading 4 unused Assets to reduce memory usage. Loaded Objects now: 1912.
Total: 1.722700 ms (FindLiveObjects: 0.179500 ms CreateObjectMapping: 0.032000 ms MarkObjects: 1.494400 ms  DeleteObjects: 0.015400 ms)

========================================================================
Received Prepare
Registering precompiled user dll's ...
Registered in 0.000802 seconds.
Begin MonoManager ReloadAssembly
Native extension for WindowsStandalone target not found
Refreshing native plugins compatible for Editor in 0.30 ms, found 0 plugins.
Preloading 0 native plugins for Editor in 0.00 ms.
Mono: successfully reloaded assembly
- Completed reload, in  0.789 seconds
Platform modules already initialized, skipping
Refreshing native plugins compatible for Editor in 0.29 ms, found 0 plugins.
Preloading 0 native plugins for Editor in 0.00 ms.
Unloading 1254 Unused Serialized files (Serialized files now loaded: 0)
System memory in use before: 102.7 MB.
System memory in use after: 102.8 MB.

Unloading 4 unused Assets to reduce memory usage. Loaded Objects now: 1915.
Total: 1.875500 ms (FindLiveObjects: 0.217400 ms CreateObjectMapping: 0.033800 ms MarkObjects: 1.610000 ms  DeleteObjects: 0.013000 ms)

========================================================================
Received Prepare
Registering precompiled user dll's ...
Registered in 0.000813 seconds.
Begin MonoManager ReloadAssembly
Native extension for WindowsStandalone target not found
Refreshing native plugins compatible for Editor in 0.30 ms, found 0 plugins.
Preloading 0 native plugins for Editor in 0.00 ms.
Mono: successfully reloaded assembly
- Completed reload, in  0.797 seconds
Platform modules already initialized, skipping
Refreshing native plugins compatible for Editor in 0.31 ms, found 0 plugins.
Preloading 0 native plugins for Editor in 0.00 ms.
Unloading 1254 Unused Serialized files (Serialized files now loaded: 0)
System memory in use before: 102.7 MB.
System memory in use after: 102.8 MB.

Unloading 4 unused Assets to reduce memory usage. Loaded Objects now: 1918.
Total: 1.985100 ms (FindLiveObjects: 0.315600 ms CreateObjectMapping: 0.087900 ms MarkObjects: 1.566000 ms  DeleteObjects: 0.014700 ms)

========================================================================
Received Prepare
Registering precompiled user dll's ...
Registered in 0.000871 seconds.
Begin MonoManager ReloadAssembly
Native extension for WindowsStandalone target not found
Refreshing native plugins compatible for Editor in 0.30 ms, found 0 plugins.
Preloading 0 native plugins for Editor in 0.00 ms.
Mono: successfully reloaded assembly
- Completed reload, in  0.793 seconds
Platform modules already initialized, skipping
Refreshing native plugins compatible for Editor in 0.29 ms, found 0 plugins.
Preloading 0 native plugins for Editor in 0.00 ms.
Unloading 1254 Unused Serialized files (Serialized files now loaded: 0)
System memory in use before: 102.7 MB.
System memory in use after: 102.8 MB.

Unloading 4 unused Assets to reduce memory usage. Loaded Objects now: 1921.
Total: 1.729100 ms (FindLiveObjects: 0.172600 ms CreateObjectMapping: 0.031800 ms MarkObjects: 1.509900 ms  DeleteObjects: 0.013800 ms)

========================================================================
Received Prepare
Registering precompiled user dll's ...
Registered in 0.000847 seconds.
Begin MonoManager ReloadAssembly
Native extension for WindowsStandalone target not found
Refreshing native plugins compatible for Editor in 0.29 ms, found 0 plugins.
Preloading 0 native plugins for Editor in 0.00 ms.
Mono: successfully reloaded assembly
- Completed reload, in  0.785 seconds
Platform modules already initialized, skipping
Refreshing native plugins compatible for Editor in 0.38 ms, found 0 plugins.
Preloading 0 native plugins for Editor in 0.00 ms.
Unloading 1254 Unused Serialized files (Serialized files now loaded: 0)
System memory in use before: 102.7 MB.
System memory in use after: 102.8 MB.

Unloading 4 unused Assets to reduce memory usage. Loaded Objects now: 1924.
Total: 1.700600 ms (FindLiveObjects: 0.193000 ms CreateObjectMapping: 0.032300 ms MarkObjects: 1.462200 ms  DeleteObjects: 0.012300 ms)

========================================================================
Received Prepare
Registering precompiled user dll's ...
Registered in 0.000801 seconds.
Begin MonoManager ReloadAssembly
Native extension for WindowsStandalone target not found
Refreshing native plugins compatible for Editor in 0.30 ms, found 0 plugins.
Preloading 0 native plugins for Editor in 0.00 ms.
Mono: successfully reloaded assembly
- Completed reload, in  0.811 seconds
Platform modules already initialized, skipping
Refreshing native plugins compatible for Editor in 0.31 ms, found 0 plugins.
Preloading 0 native plugins for Editor in 0.00 ms.
Unloading 1254 Unused Serialized files (Serialized files now loaded: 0)
System memory in use before: 102.7 MB.
System memory in use after: 102.8 MB.

Unloading 4 unused Assets to reduce memory usage. Loaded Objects now: 1927.
Total: 1.574200 ms (FindLiveObjects: 0.163500 ms CreateObjectMapping: 0.030900 ms MarkObjects: 1.368200 ms  DeleteObjects: 0.010600 ms)

========================================================================
Received Prepare
Registering precompiled user dll's ...
Registered in 0.000828 seconds.
Begin MonoManager ReloadAssembly
Native extension for WindowsStandalone target not found
Refreshing native plugins compatible for Editor in 0.31 ms, found 0 plugins.
Preloading 0 native plugins for Editor in 0.00 ms.
Mono: successfully reloaded assembly
- Completed reload, in  0.783 seconds
Platform modules already initialized, skipping
Refreshing native plugins compatible for Editor in 0.29 ms, found 0 plugins.
Preloading 0 native plugins for Editor in 0.00 ms.
Unloading 1254 Unused Serialized files (Serialized files now loaded: 0)
System memory in use before: 102.7 MB.
System memory in use after: 102.8 MB.

Unloading 4 unused Assets to reduce memory usage. Loaded Objects now: 1930.
Total: 1.776500 ms (FindLiveObjects: 0.237800 ms CreateObjectMapping: 0.034100 ms MarkObjects: 1.490500 ms  DeleteObjects: 0.013100 ms)

========================================================================
Received Prepare
Registering precompiled user dll's ...
Registered in 0.000799 seconds.
Begin MonoManager ReloadAssembly
Native extension for WindowsStandalone target not found
Refreshing native plugins compatible for Editor in 0.31 ms, found 0 plugins.
Preloading 0 native plugins for Editor in 0.00 ms.
Mono: successfully reloaded assembly
- Completed reload, in  0.784 seconds
Platform modules already initialized, skipping
Refreshing native plugins compatible for Editor in 0.31 ms, found 0 plugins.
Preloading 0 native plugins for Editor in 0.00 ms.
Unloading 1254 Unused Serialized files (Serialized files now loaded: 0)
System memory in use before: 102.7 MB.
System memory in use after: 102.8 MB.

Unloading 4 unused Assets to reduce memory usage. Loaded Objects now: 1933.
Total: 1.619900 ms (FindLiveObjects: 0.179700 ms CreateObjectMapping: 0.031700 ms MarkObjects: 1.395900 ms  DeleteObjects: 0.011700 ms)

========================================================================
Received Prepare
Registering precompiled user dll's ...
Registered in 0.001104 seconds.
Begin MonoManager ReloadAssembly
Native extension for WindowsStandalone target not found
Refreshing native plugins compatible for Editor in 0.30 ms, found 0 plugins.
Preloading 0 native plugins for Editor in 0.00 ms.
Mono: successfully reloaded assembly
- Completed reload, in  0.794 seconds
Platform modules already initialized, skipping
Refreshing native plugins compatible for Editor in 0.30 ms, found 0 plugins.
Preloading 0 native plugins for Editor in 0.00 ms.
Unloading 1254 Unused Serialized files (Serialized files now loaded: 0)
System memory in use before: 102.7 MB.
System memory in use after: 102.8 MB.

Unloading 4 unused Assets to reduce memory usage. Loaded Objects now: 1936.
Total: 1.580700 ms (FindLiveObjects: 0.167500 ms CreateObjectMapping: 0.031500 ms MarkObjects: 1.369800 ms  DeleteObjects: 0.011100 ms)

========================================================================
Received Prepare
Registering precompiled user dll's ...
Registered in 0.000829 seconds.
Begin MonoManager ReloadAssembly
Native extension for WindowsStandalone target not found
Refreshing native plugins compatible for Editor in 0.33 ms, found 0 plugins.
Preloading 0 native plugins for Editor in 0.00 ms.
Mono: successfully reloaded assembly
- Completed reload, in  0.837 seconds
Platform modules already initialized, skipping
Refreshing native plugins compatible for Editor in 0.29 ms, found 0 plugins.
Preloading 0 native plugins for Editor in 0.00 ms.
Unloading 1254 Unused Serialized files (Serialized files now loaded: 0)
System memory in use before: 102.7 MB.
System memory in use after: 102.8 MB.

Unloading 4 unused Assets to reduce memory usage. Loaded Objects now: 1939.
Total: 1.664100 ms (FindLiveObjects: 0.193600 ms CreateObjectMapping: 0.031500 ms MarkObjects: 1.423900 ms  DeleteObjects: 0.013600 ms)

========================================================================
Received Prepare
Registering precompiled user dll's ...
Registered in 0.000801 seconds.
Begin MonoManager ReloadAssembly
Native extension for WindowsStandalone target not found
Refreshing native plugins compatible for Editor in 0.30 ms, found 0 plugins.
Preloading 0 native plugins for Editor in 0.00 ms.
Mono: successfully reloaded assembly
- Completed reload, in  0.784 seconds
Platform modules already initialized, skipping
Refreshing native plugins compatible for Editor in 0.58 ms, found 0 plugins.
Preloading 0 native plugins for Editor in 0.00 ms.
Unloading 1254 Unused Serialized files (Serialized files now loaded: 0)
System memory in use before: 102.7 MB.
System memory in use after: 102.8 MB.

Unloading 4 unused Assets to reduce memory usage. Loaded Objects now: 1942.
Total: 1.690700 ms (FindLiveObjects: 0.204100 ms CreateObjectMapping: 0.034000 ms MarkObjects: 1.439400 ms  DeleteObjects: 0.011900 ms)

